{"level":"info","ts":1677850902.941782,"logger":"setup","msg":"Working with configuration","Azure Tenant ID":"7d7761c0-8b7a-49bb-8975-a6aa1be7c38b","Azure Client ID":"26c12f38-face-43f6-8198-42762f2d609d","Azure Password":true}
I0303 13:41:43.993718       1 request.go:665] Waited for 1.026328389s due to client-side throttling, not priority and fairness, request: GET:https://10.225.0.1:443/apis/azmon.container.insights/v1?timeout=32s
{"level":"info","ts":1677850905.1481597,"logger":"controller-runtime.metrics","msg":"Metrics server is starting to listen","addr":":8080"}
{"level":"info","ts":1677850905.148377,"logger":"setup","msg":"starting manager"}
{"level":"info","ts":1677850905.1485925,"msg":"Starting server","path":"/metrics","kind":"metrics","addr":"[::]:8080"}
{"level":"info","ts":1677850905.148617,"msg":"Starting server","kind":"health probe","addr":"[::]:8081"}
{"level":"info","ts":1677850905.148749,"logger":"controller.application","msg":"Starting EventSource","reconciler group":"auth.iam.amadeus.net","reconciler kind":"Application","source":"kind source: *v1alpha1.Application"}
{"level":"info","ts":1677850905.148796,"logger":"controller.application","msg":"Starting Controller","reconciler group":"auth.iam.amadeus.net","reconciler kind":"Application"}
{"level":"info","ts":1677850905.4496782,"logger":"controller.application","msg":"Starting workers","reconciler group":"auth.iam.amadeus.net","reconciler kind":"Application","worker count":1}
{"level":"info","ts":1678106720.2220325,"logger":"ApplicationReconciler.GraphClientFactory.MsftGraph","msg":"Application deleted","application":"argos"}
{"level":"error","ts":1678106720.2325246,"logger":"controller.application","msg":"Reconciler error","reconciler group":"auth.iam.amadeus.net","reconciler kind":"Application","name":"prometheus-platform","namespace":"argos","error":"Operation cannot be fulfilled on applications.auth.iam.amadeus.net \"prometheus-platform\": the object has been modified; please apply your changes to the latest version and try again"}
{"level":"info","ts":1678106721.6995213,"logger":"ApplicationReconciler.GraphClientFactory.MsftGraph","msg":"Application deleted","application":"argos"}
{"level":"info","ts":1678106721.717938,"logger":"ApplicationReconciler","msg":"Finalized","application":{"apiVersion":"auth.iam.amadeus.net/v1alpha1","kind":"Application","namespace":"argos","name":"prometheus-app"}}
{"level":"info","ts":1678106722.2108157,"logger":"ApplicationReconciler.GraphClientFactory.MsftGraph","msg":"Application deleted","application":"argos"}
{"level":"info","ts":1678106722.2260654,"logger":"ApplicationReconciler","msg":"Finalized","application":{"apiVersion":"auth.iam.amadeus.net/v1alpha1","kind":"Application","namespace":"argos","name":"prometheus-platform"}}
{"level":"info","ts":1678106722.8045871,"logger":"ApplicationReconciler.GraphClientFactory.MsftGraph","msg":"Application created","Application":"argos/prometheus-platform-part0","appication id":"ae5fc0fc-e0a2-42c5-9000-6c94bcb761a5"}
{"level":"info","ts":1678106723.414885,"logger":"ApplicationReconciler.GraphClientFactory.MsftGraph","msg":"Application created","Application":"argos/prometheus-platform-part1","appication id":"0dfc4cb8-1973-499e-940e-6d73ddf39b94"}
{"level":"info","ts":1678106723.9948142,"logger":"ApplicationReconciler.GraphClientFactory.MsftGraph","msg":"Application created","Application":"argos/prometheus-platform-part3","appication id":"044d3848-39c1-44e1-888c-e38d69b05148"}
{"level":"info","ts":1678106724.5805066,"logger":"ApplicationReconciler.GraphClientFactory.MsftGraph","msg":"Application created","Application":"argos/prometheus-platform-part2","appication id":"7d38464d-e60c-4ca9-926e-e81bba381b6b"}
{"level":"info","ts":1678106725.224976,"logger":"ApplicationReconciler.GraphClientFactory.MsftGraph","msg":"Application created","Application":"argos/prometheus-app-part1","appication id":"489f25de-247b-4053-a8af-79cd3da12564"}
{"level":"info","ts":1678106725.7713497,"logger":"ApplicationReconciler.GraphClientFactory.MsftGraph","msg":"Application created","Application":"argos/prometheus-app-part3","appication id":"8d078abf-5ffd-4daf-911a-a743e45c9e30"}
{"level":"info","ts":1678106726.4501746,"logger":"ApplicationReconciler.GraphClientFactory.MsftGraph","msg":"Application created","Application":"argos/prometheus-app-part2","appication id":"7fc7f1ef-7309-4542-a456-85b05b17d540"}
{"level":"info","ts":1678106727.0549843,"logger":"ApplicationReconciler.GraphClientFactory.MsftGraph","msg":"Application created","Application":"argos/prometheus-app-part0","appication id":"d04d66be-41b3-45d3-b92a-f3d58b6531e9"}
{"level":"info","ts":1678106727.672547,"logger":"ApplicationReconciler.GraphClientFactory.MsftGraph","msg":"ServicePrincipal created","Application":"argos/prometheus-platform-part0","service principal id":"6ca99a9f-b0dc-4cff-add5-21f6023cfb7c"}
{"level":"info","ts":1678106728.3173413,"logger":"ApplicationReconciler.GraphClientFactory.MsftGraph","msg":"ServicePrincipal created","Application":"argos/prometheus-platform-part1","service principal id":"6169cfd3-d071-41f6-8631-c3e3543cb827"}
{"level":"info","ts":1678106728.942295,"logger":"ApplicationReconciler.GraphClientFactory.MsftGraph","msg":"ServicePrincipal created","Application":"argos/prometheus-platform-part3","service principal id":"9387c7b1-119f-4562-9bbd-69f49c47730d"}
{"level":"info","ts":1678106729.651084,"logger":"ApplicationReconciler.GraphClientFactory.MsftGraph","msg":"ServicePrincipal created","Application":"argos/prometheus-platform-part2","service principal id":"02ee500a-e0e9-4399-a5b9-cc72d16bf558"}
{"level":"info","ts":1678106730.278205,"logger":"ApplicationReconciler.GraphClientFactory.MsftGraph","msg":"ServicePrincipal created","Application":"argos/prometheus-app-part1","service principal id":"1a9cb7b8-f2f6-4383-86a2-87bb68cfffa8"}
{"level":"info","ts":1678106730.993254,"logger":"ApplicationReconciler.GraphClientFactory.MsftGraph","msg":"ServicePrincipal created","Application":"argos/prometheus-app-part3","service principal id":"e63345e3-e81b-4811-8bee-23b26b9060db"}
{"level":"info","ts":1678106731.5454645,"logger":"ApplicationReconciler.GraphClientFactory.MsftGraph","msg":"ServicePrincipal created","Application":"argos/prometheus-app-part2","service principal id":"10b9c555-faab-401a-bf43-5dfe35e2cf14"}
{"level":"info","ts":1678106732.1411746,"logger":"ApplicationReconciler.GraphClientFactory.MsftGraph","msg":"ServicePrincipal created","Application":"argos/prometheus-app-part0","service principal id":"17ec8a04-7711-4396-bb10-ae6a7b6a16d2"}
{"level":"info","ts":1678106732.6365259,"logger":"ApplicationReconciler.GraphClientFactory.MsftGraph","msg":"Application password created","Application":"argos/prometheus-platform-part0","password id":"6935b13a-b3d4-4d00-9a8c-3946f7993a8a"}
{"level":"info","ts":1678106732.6705484,"logger":"ApplicationReconciler.ApplicationManager","msg":"Secret reconciled","Application":"argos/prometheus-platform-part0","secret":"argos/prometheus-platform-part0-azure-ad","passwordId":"6935b13a-b3d4-4d00-9a8c-3946f7993a8a"}
{"level":"info","ts":1678106733.3684554,"logger":"ApplicationReconciler.GraphClientFactory.MsftGraph","msg":"Application password created","Application":"argos/prometheus-platform-part1","password id":"6eafb333-a900-4e29-8ddd-bbcc06a615e5"}
{"level":"info","ts":1678106733.3932033,"logger":"ApplicationReconciler.ApplicationManager","msg":"Secret reconciled","Application":"argos/prometheus-platform-part1","secret":"argos/prometheus-platform-part1-azure-ad","passwordId":"6eafb333-a900-4e29-8ddd-bbcc06a615e5"}
{"level":"info","ts":1678106734.0290499,"logger":"ApplicationReconciler.GraphClientFactory.MsftGraph","msg":"Application password created","Application":"argos/prometheus-platform-part3","password id":"f783887d-f309-4751-8732-41d355460418"}
{"level":"info","ts":1678106734.052063,"logger":"ApplicationReconciler.ApplicationManager","msg":"Secret reconciled","Application":"argos/prometheus-platform-part3","secret":"argos/prometheus-platform-part3-azure-ad","passwordId":"f783887d-f309-4751-8732-41d355460418"}
{"level":"info","ts":1678106734.5295238,"logger":"ApplicationReconciler.GraphClientFactory.MsftGraph","msg":"Application password created","Application":"argos/prometheus-platform-part2","password id":"ee2911fc-4923-43f6-acde-84f11447df9e"}
{"level":"info","ts":1678106734.5544252,"logger":"ApplicationReconciler.ApplicationManager","msg":"Secret reconciled","Application":"argos/prometheus-platform-part2","secret":"argos/prometheus-platform-part2-azure-ad","passwordId":"ee2911fc-4923-43f6-acde-84f11447df9e"}
{"level":"info","ts":1678106735.0340588,"logger":"ApplicationReconciler.GraphClientFactory.MsftGraph","msg":"Application password created","Application":"argos/prometheus-app-part1","password id":"4bf6b0eb-77ef-4a0e-b906-635f3d7f4b2a"}
{"level":"info","ts":1678106735.0538976,"logger":"ApplicationReconciler.ApplicationManager","msg":"Secret reconciled","Application":"argos/prometheus-app-part1","secret":"argos/prometheus-app-part1-azure-ad","passwordId":"4bf6b0eb-77ef-4a0e-b906-635f3d7f4b2a"}
{"level":"info","ts":1678106735.5795221,"logger":"ApplicationReconciler.GraphClientFactory.MsftGraph","msg":"Application password created","Application":"argos/prometheus-app-part3","password id":"20f53d14-ea87-42dc-8980-55b50ae92212"}
{"level":"info","ts":1678106736.0251722,"logger":"ApplicationReconciler.ApplicationManager","msg":"Secret reconciled","Application":"argos/prometheus-app-part3","secret":"argos/prometheus-app-part3-azure-ad","passwordId":"20f53d14-ea87-42dc-8980-55b50ae92212"}
{"level":"info","ts":1678106736.7609446,"logger":"ApplicationReconciler.GraphClientFactory.MsftGraph","msg":"Application password created","Application":"argos/prometheus-app-part2","password id":"6976a89e-fc84-426b-8cd2-2fb776bb0b64"}
{"level":"info","ts":1678106736.830361,"logger":"ApplicationReconciler.ApplicationManager","msg":"Secret reconciled","Application":"argos/prometheus-app-part2","secret":"argos/prometheus-app-part2-azure-ad","passwordId":"6976a89e-fc84-426b-8cd2-2fb776bb0b64"}
{"level":"info","ts":1678106737.8043249,"logger":"ApplicationReconciler.GraphClientFactory.MsftGraph","msg":"Application password created","Application":"argos/prometheus-app-part0","password id":"358a2534-3f9b-4b92-b48e-85097fdead93"}
{"level":"info","ts":1678106737.8301647,"logger":"ApplicationReconciler.ApplicationManager","msg":"Secret reconciled","Application":"argos/prometheus-app-part0","secret":"argos/prometheus-app-part0-azure-ad","passwordId":"358a2534-3f9b-4b92-b48e-85097fdead93"}
{"level":"info","ts":1678106738.417826,"logger":"ApplicationReconciler.GraphClientFactory.MsftGraph","msg":"Application updated","Application":"argos/prometheus-platform-part0","application id":"ae5fc0fc-e0a2-42c5-9000-6c94bcb761a5"}
{"level":"info","ts":1678106738.4179053,"logger":"ApplicationReconciler.ApplicationManager","msg":"Application exposed","Application":"argos/prometheus-platform-part0","application id":"ae5fc0fc-e0a2-42c5-9000-6c94bcb761a5","Identifiers":"api://c89cd2e7-f97f-4757-a249-1316ee23af3c"}
{"level":"info","ts":1678106774.3875666,"logger":"ApplicationReconciler.GraphClientFactory.MsftGraph","msg":"Application updated","Application":"argos/prometheus-platform-part1","application id":"0dfc4cb8-1973-499e-940e-6d73ddf39b94"}
{"level":"info","ts":1678106774.387605,"logger":"ApplicationReconciler.ApplicationManager","msg":"Application exposed","Application":"argos/prometheus-platform-part1","application id":"0dfc4cb8-1973-499e-940e-6d73ddf39b94","Identifiers":"api://a5dff9d1-48a1-4abf-a61a-a7e200389e5f"}
{"level":"info","ts":1678106775.3886433,"logger":"ApplicationReconciler.GraphClientFactory.MsftGraph","msg":"Application updated","Application":"argos/prometheus-platform-part3","application id":"044d3848-39c1-44e1-888c-e38d69b05148"}
{"level":"info","ts":1678106775.3886988,"logger":"ApplicationReconciler.ApplicationManager","msg":"Application exposed","Application":"argos/prometheus-platform-part3","application id":"044d3848-39c1-44e1-888c-e38d69b05148","Identifiers":"api://c447918e-7dc9-4c8a-b7a5-d102f0a0b7be"}
{"level":"info","ts":1678106776.3425708,"logger":"ApplicationReconciler.GraphClientFactory.MsftGraph","msg":"Application updated","Application":"argos/prometheus-platform-part2","application id":"7d38464d-e60c-4ca9-926e-e81bba381b6b"}
{"level":"info","ts":1678106776.3426049,"logger":"ApplicationReconciler.ApplicationManager","msg":"Application exposed","Application":"argos/prometheus-platform-part2","application id":"7d38464d-e60c-4ca9-926e-e81bba381b6b","Identifiers":"api://37cb2897-9a08-4850-a80f-991a21dfa345"}
{"level":"info","ts":1678106776.8857954,"logger":"ApplicationReconciler.GraphClientFactory.MsftGraph","msg":"Application updated","Application":"argos/prometheus-app-part1","application id":"489f25de-247b-4053-a8af-79cd3da12564"}
{"level":"info","ts":1678106776.8858438,"logger":"ApplicationReconciler.ApplicationManager","msg":"Application exposed","Application":"argos/prometheus-app-part1","application id":"489f25de-247b-4053-a8af-79cd3da12564","Identifiers":"api://979b6722-032d-4ed3-9122-eaaa4e2191c0"}
{"level":"info","ts":1678106777.5061245,"logger":"ApplicationReconciler.GraphClientFactory.MsftGraph","msg":"Application updated","Application":"argos/prometheus-app-part3","application id":"8d078abf-5ffd-4daf-911a-a743e45c9e30"}
{"level":"info","ts":1678106777.506158,"logger":"ApplicationReconciler.ApplicationManager","msg":"Application exposed","Application":"argos/prometheus-app-part3","application id":"8d078abf-5ffd-4daf-911a-a743e45c9e30","Identifiers":"api://6ae10113-cbca-4dc6-b3b7-739e1ffd417e"}
{"level":"info","ts":1678106778.0562394,"logger":"ApplicationReconciler.GraphClientFactory.MsftGraph","msg":"Application updated","Application":"argos/prometheus-app-part2","application id":"7fc7f1ef-7309-4542-a456-85b05b17d540"}
{"level":"info","ts":1678106778.056288,"logger":"ApplicationReconciler.ApplicationManager","msg":"Application exposed","Application":"argos/prometheus-app-part2","application id":"7fc7f1ef-7309-4542-a456-85b05b17d540","Identifiers":"api://a43f7d54-6454-4f08-8550-38836b95a183"}
{"level":"info","ts":1678106778.74045,"logger":"ApplicationReconciler.GraphClientFactory.MsftGraph","msg":"Application updated","Application":"argos/prometheus-app-part0","application id":"d04d66be-41b3-45d3-b92a-f3d58b6531e9"}
{"level":"info","ts":1678106778.7404883,"logger":"ApplicationReconciler.ApplicationManager","msg":"Application exposed","Application":"argos/prometheus-app-part0","application id":"d04d66be-41b3-45d3-b92a-f3d58b6531e9","Identifiers":"api://312f5f75-c364-4589-a3c3-a9de4309d365"}
{"level":"info","ts":1678111028.697222,"logger":"ApplicationReconciler.GraphClientFactory.MsftGraph","msg":"Application deleted","application":"argos"}
{"level":"info","ts":1678111028.7108328,"logger":"ApplicationReconciler","msg":"Finalized","application":{"apiVersion":"auth.iam.amadeus.net/v1alpha1","kind":"Application","namespace":"argos","name":"prometheus-platform-part0"}}
{"level":"info","ts":1678111029.253804,"logger":"ApplicationReconciler.GraphClientFactory.MsftGraph","msg":"Application deleted","application":"argos"}
{"level":"info","ts":1678111029.2663674,"logger":"ApplicationReconciler","msg":"Finalized","application":{"apiVersion":"auth.iam.amadeus.net/v1alpha1","kind":"Application","namespace":"argos","name":"prometheus-platform-part2"}}
{"level":"info","ts":1678111029.9060493,"logger":"ApplicationReconciler.GraphClientFactory.MsftGraph","msg":"Application deleted","application":"argos"}
{"level":"info","ts":1678111029.918897,"logger":"ApplicationReconciler","msg":"Finalized","application":{"apiVersion":"auth.iam.amadeus.net/v1alpha1","kind":"Application","namespace":"argos","name":"prometheus-platform-part1"}}
{"level":"info","ts":1678111038.6368623,"logger":"ApplicationReconciler.GraphClientFactory.MsftGraph","msg":"Application deleted","application":"argos"}
{"level":"error","ts":1678111038.6456323,"logger":"controller.application","msg":"Reconciler error","reconciler group":"auth.iam.amadeus.net","reconciler kind":"Application","name":"prometheus-platform-part3","namespace":"argos","error":"Operation cannot be fulfilled on applications.auth.iam.amadeus.net \"prometheus-platform-part3\": the object has been modified; please apply your changes to the latest version and try again"}
{"level":"info","ts":1678111046.2989347,"logger":"ApplicationReconciler.GraphClientFactory.MsftGraph","msg":"Application deleted","application":"argos"}
{"level":"info","ts":1678111046.4007485,"logger":"ApplicationReconciler","msg":"Finalized","application":{"apiVersion":"auth.iam.amadeus.net/v1alpha1","kind":"Application","namespace":"argos","name":"prometheus-app-part0"}}
{"level":"info","ts":1678111046.8575988,"logger":"ApplicationReconciler.GraphClientFactory.MsftGraph","msg":"Application deleted","application":"argos"}
{"level":"info","ts":1678111046.9813437,"logger":"ApplicationReconciler","msg":"Finalized","application":{"apiVersion":"auth.iam.amadeus.net/v1alpha1","kind":"Application","namespace":"argos","name":"prometheus-app-part3"}}
{"level":"info","ts":1678111047.4293203,"logger":"ApplicationReconciler.GraphClientFactory.MsftGraph","msg":"Application deleted","application":"argos"}
{"level":"info","ts":1678111047.4785223,"logger":"ApplicationReconciler","msg":"Finalized","application":{"apiVersion":"auth.iam.amadeus.net/v1alpha1","kind":"Application","namespace":"argos","name":"prometheus-app-part2"}}
{"level":"info","ts":1678111048.1852045,"logger":"ApplicationReconciler.GraphClientFactory.MsftGraph","msg":"Application deleted","application":"argos"}
{"level":"info","ts":1678111048.2065146,"logger":"ApplicationReconciler","msg":"Finalized","application":{"apiVersion":"auth.iam.amadeus.net/v1alpha1","kind":"Application","namespace":"argos","name":"prometheus-app-part1"}}
{"level":"info","ts":1678111048.5843315,"logger":"ApplicationReconciler.GraphClientFactory.MsftGraph","msg":"Application deleted","application":"argos"}
{"level":"info","ts":1678111048.6044824,"logger":"ApplicationReconciler","msg":"Finalized","application":{"apiVersion":"auth.iam.amadeus.net/v1alpha1","kind":"Application","namespace":"argos","name":"prometheus-platform-part3"}}
{"level":"info","ts":1678111049.1514728,"logger":"ApplicationReconciler.GraphClientFactory.MsftGraph","msg":"Application created","Application":"argos/prometheus-platform","appication id":"78f9ccd9-ceca-467e-b9f9-a2befc17323e"}
{"level":"info","ts":1678111049.6514955,"logger":"ApplicationReconciler.GraphClientFactory.MsftGraph","msg":"Application created","Application":"argos/prometheus-app","appication id":"ad5bfd33-0f12-4e1a-8b0d-fbc8a7e59904"}
{"level":"info","ts":1678111050.171555,"logger":"ApplicationReconciler.GraphClientFactory.MsftGraph","msg":"ServicePrincipal created","Application":"argos/prometheus-platform","service principal id":"5da45974-e26a-4686-b345-f33831670250"}
{"level":"info","ts":1678111050.745331,"logger":"ApplicationReconciler.GraphClientFactory.MsftGraph","msg":"ServicePrincipal created","Application":"argos/prometheus-app","service principal id":"e2712313-c61b-4063-8099-549953aa1cee"}
{"level":"info","ts":1678111051.2143757,"logger":"ApplicationReconciler.GraphClientFactory.MsftGraph","msg":"Application password created","Application":"argos/prometheus-platform","password id":"df6e08fd-e2af-4d15-ac05-322808985e27"}
{"level":"info","ts":1678111051.234405,"logger":"ApplicationReconciler.ApplicationManager","msg":"Secret reconciled","Application":"argos/prometheus-platform","secret":"argos/prometheus-platform-azure-ad","passwordId":"df6e08fd-e2af-4d15-ac05-322808985e27"}
{"level":"info","ts":1678111051.6961253,"logger":"ApplicationReconciler.GraphClientFactory.MsftGraph","msg":"Application password created","Application":"argos/prometheus-app","password id":"d0b41935-69d1-4cf2-a775-3f313185a992"}
{"level":"info","ts":1678111051.7192903,"logger":"ApplicationReconciler.ApplicationManager","msg":"Secret reconciled","Application":"argos/prometheus-app","secret":"argos/prometheus-app-azure-ad","passwordId":"d0b41935-69d1-4cf2-a775-3f313185a992"}
{"level":"info","ts":1678111052.2079518,"logger":"ApplicationReconciler.GraphClientFactory.MsftGraph","msg":"Application updated","Application":"argos/prometheus-platform","application id":"78f9ccd9-ceca-467e-b9f9-a2befc17323e"}
{"level":"info","ts":1678111052.2080023,"logger":"ApplicationReconciler.ApplicationManager","msg":"Application exposed","Application":"argos/prometheus-platform","application id":"78f9ccd9-ceca-467e-b9f9-a2befc17323e","Identifiers":"api://2ab16e8f-7877-4ec5-8255-d996a258ec17"}
{"level":"info","ts":1678111052.8230193,"logger":"ApplicationReconciler.GraphClientFactory.MsftGraph","msg":"Application updated","Application":"argos/prometheus-app","application id":"ad5bfd33-0f12-4e1a-8b0d-fbc8a7e59904"}
{"level":"info","ts":1678111052.823063,"logger":"ApplicationReconciler.ApplicationManager","msg":"Application exposed","Application":"argos/prometheus-app","application id":"ad5bfd33-0f12-4e1a-8b0d-fbc8a7e59904","Identifiers":"api://92af7b29-7390-4560-9a4e-1a19535907dd"}
{"level":"info","ts":1678179493.7845433,"logger":"ApplicationReconciler.GraphClientFactory.MsftGraph","msg":"Application deleted","application":"argocd-adv-tst"}
{"level":"error","ts":1678179493.7943223,"logger":"controller.application","msg":"Reconciler error","reconciler group":"auth.iam.amadeus.net","reconciler kind":"Application","name":"app-cli-registration-argocd-adv-tst","namespace":"argocd-adv-tst","error":"Operation cannot be fulfilled on applications.auth.iam.amadeus.net \"app-cli-registration-argocd-adv-tst\": the object has been modified; please apply your changes to the latest version and try again"}
{"level":"info","ts":1678179497.1849399,"logger":"ApplicationReconciler.GraphClientFactory.MsftGraph","msg":"Application deleted","application":"argocd-adv-tst"}
{"level":"info","ts":1678179497.1996756,"logger":"ApplicationReconciler","msg":"Finalized","application":{"apiVersion":"auth.iam.amadeus.net/v1alpha1","kind":"Application","namespace":"argocd-adv-tst","name":"app-registration-argocd-adv-tst"}}
{"level":"info","ts":1678179497.515139,"logger":"ApplicationReconciler.GraphClientFactory.MsftGraph","msg":"Application deleted","application":"argocd-adv-tst"}
{"level":"info","ts":1678179497.5325618,"logger":"ApplicationReconciler","msg":"Finalized","application":{"apiVersion":"auth.iam.amadeus.net/v1alpha1","kind":"Application","namespace":"argocd-adv-tst","name":"app-cli-registration-argocd-adv-tst"}}
{"level":"info","ts":1678179566.0508575,"logger":"ApplicationReconciler.GraphClientFactory.MsftGraph","msg":"Application created","Application":"argocd-adv-tst/app-registration-argocd-adv-tst","appication id":"d1a0edc3-07f1-4366-9d47-aaca63a65518"}
{"level":"info","ts":1678179566.7461226,"logger":"ApplicationReconciler.GraphClientFactory.MsftGraph","msg":"Application created","Application":"argocd-adv-tst/app-cli-registration-argocd-adv-tst","appication id":"10c04836-eaa2-424c-972d-90156a19c29f"}
{"level":"info","ts":1678179567.6739461,"logger":"ApplicationReconciler.GraphClientFactory.MsftGraph","msg":"ServicePrincipal created","Application":"argocd-adv-tst/app-registration-argocd-adv-tst","service principal id":"25ea12b0-f30d-4bc3-822b-9ad0cfa7a518"}
{"level":"info","ts":1678179568.2052107,"logger":"ApplicationReconciler.GraphClientFactory.MsftGraph","msg":"ServicePrincipal created","Application":"argocd-adv-tst/app-cli-registration-argocd-adv-tst","service principal id":"e1d90da1-8f93-46fa-ab9e-fbb9770d009b"}
{"level":"info","ts":1678179568.8812764,"logger":"ApplicationReconciler.GraphClientFactory.MsftGraph","msg":"Application password created","Application":"argocd-adv-tst/app-registration-argocd-adv-tst","password id":"5870d862-a5e2-4938-b300-df54ab5ae4c2"}
{"level":"info","ts":1678179568.892825,"logger":"ApplicationReconciler.ApplicationManager","msg":"Secret reconciled","Application":"argocd-adv-tst/app-registration-argocd-adv-tst","secret":"argocd-adv-tst/app-registration-secret-argocd-adv-tst","passwordId":"5870d862-a5e2-4938-b300-df54ab5ae4c2"}
{"level":"info","ts":1678179569.38039,"logger":"ApplicationReconciler.GraphClientFactory.MsftGraph","msg":"Application password created","Application":"argocd-adv-tst/app-cli-registration-argocd-adv-tst","password id":"26ce9268-ca8b-4f89-a4af-54892cd9465e"}
{"level":"info","ts":1678179569.3948317,"logger":"ApplicationReconciler.ApplicationManager","msg":"Secret reconciled","Application":"argocd-adv-tst/app-cli-registration-argocd-adv-tst","secret":"argocd-adv-tst/app-cli-registration-secret-argocd-adv-tst","passwordId":"26ce9268-ca8b-4f89-a4af-54892cd9465e"}
{"level":"info","ts":1678179569.999536,"logger":"ApplicationReconciler.GraphClientFactory.MsftGraph","msg":"Application updated","Application":"argocd-adv-tst/app-registration-argocd-adv-tst","application id":"d1a0edc3-07f1-4366-9d47-aaca63a65518"}
{"level":"info","ts":1678179569.999591,"logger":"ApplicationReconciler.ApplicationManager","msg":"Application exposed","Application":"argocd-adv-tst/app-registration-argocd-adv-tst","application id":"d1a0edc3-07f1-4366-9d47-aaca63a65518","Identifiers":"api://0d41c94d-8d1e-48f3-8b1c-994fb3cf8713"}
{"level":"info","ts":1678179570.5543523,"logger":"ApplicationReconciler.GraphClientFactory.MsftGraph","msg":"Application updated","Application":"argocd-adv-tst/app-cli-registration-argocd-adv-tst","application id":"10c04836-eaa2-424c-972d-90156a19c29f"}
{"level":"info","ts":1678179570.5543935,"logger":"ApplicationReconciler.ApplicationManager","msg":"Application exposed","Application":"argocd-adv-tst/app-cli-registration-argocd-adv-tst","application id":"10c04836-eaa2-424c-972d-90156a19c29f","Identifiers":"api://6cbe0ed5-b0d7-4760-9e98-713ce4be2944"}
{"level":"info","ts":1678179644.5629067,"logger":"ApplicationReconciler.GraphClientFactory.MsftGraph","msg":"Application deleted","application":"argocd-adv-tst"}
{"level":"error","ts":1678179644.6146154,"logger":"controller.application","msg":"Reconciler error","reconciler group":"auth.iam.amadeus.net","reconciler kind":"Application","name":"app-cli-registration-argocd-adv-tst","namespace":"argocd-adv-tst","error":"Operation cannot be fulfilled on applications.auth.iam.amadeus.net \"app-cli-registration-argocd-adv-tst\": the object has been modified; please apply your changes to the latest version and try again"}
{"level":"info","ts":1678179645.1771152,"logger":"ApplicationReconciler.GraphClientFactory.MsftGraph","msg":"Application deleted","application":"argocd-adv-tst"}
{"level":"info","ts":1678179645.2105677,"logger":"ApplicationReconciler","msg":"Finalized","application":{"apiVersion":"auth.iam.amadeus.net/v1alpha1","kind":"Application","namespace":"argocd-adv-tst","name":"app-registration-argocd-adv-tst"}}
{"level":"info","ts":1678179645.5548584,"logger":"ApplicationReconciler.GraphClientFactory.MsftGraph","msg":"Application deleted","application":"argocd-adv-tst"}
{"level":"info","ts":1678179645.5781634,"logger":"ApplicationReconciler","msg":"Finalized","application":{"apiVersion":"auth.iam.amadeus.net/v1alpha1","kind":"Application","namespace":"argocd-adv-tst","name":"app-cli-registration-argocd-adv-tst"}}
{"level":"info","ts":1678179654.0670078,"logger":"ApplicationReconciler.GraphClientFactory.MsftGraph","msg":"Application created","Application":"argocd-adv-tst/app-registration-argocd-adv-tst","appication id":"2a1163c1-7bd6-4f0e-a177-1ad12dde2ca3"}
{"level":"info","ts":1678179654.649098,"logger":"ApplicationReconciler.GraphClientFactory.MsftGraph","msg":"Application created","Application":"argocd-adv-tst/app-cli-registration-argocd-adv-tst","appication id":"5a1772c7-f86a-4dac-b97e-2017a6e7e6ab"}
{"level":"info","ts":1678179655.2098927,"logger":"ApplicationReconciler.GraphClientFactory.MsftGraph","msg":"ServicePrincipal created","Application":"argocd-adv-tst/app-registration-argocd-adv-tst","service principal id":"0d1a3450-95b5-4705-9ca5-fd05b637db5d"}
{"level":"info","ts":1678179655.9049232,"logger":"ApplicationReconciler.GraphClientFactory.MsftGraph","msg":"ServicePrincipal created","Application":"argocd-adv-tst/app-cli-registration-argocd-adv-tst","service principal id":"267bea03-7060-4f14-b4c9-ab8aa974e87f"}
{"level":"info","ts":1678179656.493123,"logger":"ApplicationReconciler.GraphClientFactory.MsftGraph","msg":"Application password created","Application":"argocd-adv-tst/app-registration-argocd-adv-tst","password id":"72a7d225-4aba-469c-b42f-238eb8d16807"}
{"level":"info","ts":1678179656.6003685,"logger":"ApplicationReconciler.ApplicationManager","msg":"Secret reconciled","Application":"argocd-adv-tst/app-registration-argocd-adv-tst","secret":"argocd-adv-tst/app-registration-secret-argocd-adv-tst","passwordId":"72a7d225-4aba-469c-b42f-238eb8d16807"}
{"level":"info","ts":1678179657.2542305,"logger":"ApplicationReconciler.GraphClientFactory.MsftGraph","msg":"Application password created","Application":"argocd-adv-tst/app-cli-registration-argocd-adv-tst","password id":"12a8d6af-378b-4a6a-a6cf-929846fb82f7"}
{"level":"info","ts":1678179657.289406,"logger":"ApplicationReconciler.ApplicationManager","msg":"Secret reconciled","Application":"argocd-adv-tst/app-cli-registration-argocd-adv-tst","secret":"argocd-adv-tst/app-cli-registration-secret-argocd-adv-tst","passwordId":"12a8d6af-378b-4a6a-a6cf-929846fb82f7"}
{"level":"info","ts":1678179657.842585,"logger":"ApplicationReconciler.GraphClientFactory.MsftGraph","msg":"Application updated","Application":"argocd-adv-tst/app-registration-argocd-adv-tst","application id":"2a1163c1-7bd6-4f0e-a177-1ad12dde2ca3"}
{"level":"info","ts":1678179657.842637,"logger":"ApplicationReconciler.ApplicationManager","msg":"Application exposed","Application":"argocd-adv-tst/app-registration-argocd-adv-tst","application id":"2a1163c1-7bd6-4f0e-a177-1ad12dde2ca3","Identifiers":"api://3b288c26-4dbc-49c4-831c-79b6ae4fee48"}
{"level":"info","ts":1678179658.3462863,"logger":"ApplicationReconciler.GraphClientFactory.MsftGraph","msg":"Application updated","Application":"argocd-adv-tst/app-cli-registration-argocd-adv-tst","application id":"5a1772c7-f86a-4dac-b97e-2017a6e7e6ab"}
{"level":"info","ts":1678179658.3463233,"logger":"ApplicationReconciler.ApplicationManager","msg":"Application exposed","Application":"argocd-adv-tst/app-cli-registration-argocd-adv-tst","application id":"5a1772c7-f86a-4dac-b97e-2017a6e7e6ab","Identifiers":"api://29a5ed49-372f-468f-bf7d-fe56e962eec4"}
{"level":"info","ts":1678179738.8829834,"logger":"ApplicationReconciler.GraphClientFactory.MsftGraph","msg":"Application deleted","application":"argocd-adv-tst"}
{"level":"error","ts":1678179738.895864,"logger":"controller.application","msg":"Reconciler error","reconciler group":"auth.iam.amadeus.net","reconciler kind":"Application","name":"app-registration-argocd-adv-tst","namespace":"argocd-adv-tst","error":"Operation cannot be fulfilled on applications.auth.iam.amadeus.net \"app-registration-argocd-adv-tst\": the object has been modified; please apply your changes to the latest version and try again"}
{"level":"info","ts":1678179739.3752584,"logger":"ApplicationReconciler.GraphClientFactory.MsftGraph","msg":"Application deleted","application":"argocd-adv-tst"}
{"level":"info","ts":1678179739.389261,"logger":"ApplicationReconciler","msg":"Finalized","application":{"apiVersion":"auth.iam.amadeus.net/v1alpha1","kind":"Application","namespace":"argocd-adv-tst","name":"app-cli-registration-argocd-adv-tst"}}
{"level":"info","ts":1678179739.6706576,"logger":"ApplicationReconciler.GraphClientFactory.MsftGraph","msg":"Application deleted","application":"argocd-adv-tst"}
{"level":"info","ts":1678179739.6856618,"logger":"ApplicationReconciler","msg":"Finalized","application":{"apiVersion":"auth.iam.amadeus.net/v1alpha1","kind":"Application","namespace":"argocd-adv-tst","name":"app-registration-argocd-adv-tst"}}
{"level":"info","ts":1678179767.0816882,"logger":"ApplicationReconciler.GraphClientFactory.MsftGraph","msg":"Application created","Application":"argocd-adv-tst/app-cli-registration-argocd-adv-tst","appication id":"9308c30d-9d79-4cf6-9bef-7d4f898d9e56"}
{"level":"info","ts":1678179767.6668746,"logger":"ApplicationReconciler.GraphClientFactory.MsftGraph","msg":"Application created","Application":"argocd-adv-tst/app-registration-argocd-adv-tst","appication id":"222be628-af71-47f8-8e00-dd75f0217b8a"}
{"level":"info","ts":1678179768.576492,"logger":"ApplicationReconciler.GraphClientFactory.MsftGraph","msg":"ServicePrincipal created","Application":"argocd-adv-tst/app-cli-registration-argocd-adv-tst","service principal id":"505749eb-967a-48dc-a1cf-677b37f9262d"}
{"level":"info","ts":1678179769.1676128,"logger":"ApplicationReconciler.GraphClientFactory.MsftGraph","msg":"ServicePrincipal created","Application":"argocd-adv-tst/app-registration-argocd-adv-tst","service principal id":"20500271-bcc6-414c-87db-e5103fc28ee6"}
{"level":"info","ts":1678179769.6627302,"logger":"ApplicationReconciler.GraphClientFactory.MsftGraph","msg":"Application password created","Application":"argocd-adv-tst/app-cli-registration-argocd-adv-tst","password id":"9ab6c74a-f1db-428d-bf26-4a6f4394229e"}
{"level":"info","ts":1678179769.6766808,"logger":"ApplicationReconciler.ApplicationManager","msg":"Secret reconciled","Application":"argocd-adv-tst/app-cli-registration-argocd-adv-tst","secret":"argocd-adv-tst/app-cli-registration-secret-argocd-adv-tst","passwordId":"9ab6c74a-f1db-428d-bf26-4a6f4394229e"}
{"level":"info","ts":1678179770.2484353,"logger":"ApplicationReconciler.GraphClientFactory.MsftGraph","msg":"Application password created","Application":"argocd-adv-tst/app-registration-argocd-adv-tst","password id":"0bab2a1b-ca62-4419-b4fe-0e8fe54baacb"}
{"level":"info","ts":1678179770.2670517,"logger":"ApplicationReconciler.ApplicationManager","msg":"Secret reconciled","Application":"argocd-adv-tst/app-registration-argocd-adv-tst","secret":"argocd-adv-tst/app-registration-secret-argocd-adv-tst","passwordId":"0bab2a1b-ca62-4419-b4fe-0e8fe54baacb"}
{"level":"info","ts":1678179770.9801793,"logger":"ApplicationReconciler.GraphClientFactory.MsftGraph","msg":"Application updated","Application":"argocd-adv-tst/app-cli-registration-argocd-adv-tst","application id":"9308c30d-9d79-4cf6-9bef-7d4f898d9e56"}
{"level":"info","ts":1678179770.9802403,"logger":"ApplicationReconciler.ApplicationManager","msg":"Application exposed","Application":"argocd-adv-tst/app-cli-registration-argocd-adv-tst","application id":"9308c30d-9d79-4cf6-9bef-7d4f898d9e56","Identifiers":"api://cd5917f7-c11b-46ff-801c-f67be42febdc"}
{"level":"info","ts":1678179771.553038,"logger":"ApplicationReconciler.GraphClientFactory.MsftGraph","msg":"Application updated","Application":"argocd-adv-tst/app-registration-argocd-adv-tst","application id":"222be628-af71-47f8-8e00-dd75f0217b8a"}
{"level":"info","ts":1678179771.5530772,"logger":"ApplicationReconciler.ApplicationManager","msg":"Application exposed","Application":"argocd-adv-tst/app-registration-argocd-adv-tst","application id":"222be628-af71-47f8-8e00-dd75f0217b8a","Identifiers":"api://1278bc70-69a1-4799-a57e-273ffd8ae0ab"}
{"level":"info","ts":1678179848.0603194,"logger":"ApplicationReconciler.GraphClientFactory.MsftGraph","msg":"Application deleted","application":"argocd-adv-tst"}
{"level":"error","ts":1678179848.0716434,"logger":"controller.application","msg":"Reconciler error","reconciler group":"auth.iam.amadeus.net","reconciler kind":"Application","name":"app-cli-registration-argocd-adv-tst","namespace":"argocd-adv-tst","error":"Operation cannot be fulfilled on applications.auth.iam.amadeus.net \"app-cli-registration-argocd-adv-tst\": the object has been modified; please apply your changes to the latest version and try again"}
{"level":"info","ts":1678179848.5079167,"logger":"ApplicationReconciler.GraphClientFactory.MsftGraph","msg":"Application deleted","application":"argocd-adv-tst"}
{"level":"info","ts":1678179848.5254807,"logger":"ApplicationReconciler","msg":"Finalized","application":{"apiVersion":"auth.iam.amadeus.net/v1alpha1","kind":"Application","namespace":"argocd-adv-tst","name":"app-registration-argocd-adv-tst"}}
{"level":"info","ts":1678179848.8218317,"logger":"ApplicationReconciler.GraphClientFactory.MsftGraph","msg":"Application deleted","application":"argocd-adv-tst"}
{"level":"info","ts":1678179848.8393412,"logger":"ApplicationReconciler","msg":"Finalized","application":{"apiVersion":"auth.iam.amadeus.net/v1alpha1","kind":"Application","namespace":"argocd-adv-tst","name":"app-cli-registration-argocd-adv-tst"}}
{"level":"info","ts":1678179855.6051526,"logger":"ApplicationReconciler.GraphClientFactory.MsftGraph","msg":"Application created","Application":"argocd-adv-tst/app-cli-registration-argocd-adv-tst","appication id":"eaa8e414-145e-4e17-9b67-b2b6585528c7"}
{"level":"info","ts":1678179856.6181045,"logger":"ApplicationReconciler.GraphClientFactory.MsftGraph","msg":"Application created","Application":"argocd-adv-tst/app-registration-argocd-adv-tst","appication id":"ec873f25-7d2d-43f4-ba69-d71e7b56a92b"}
{"level":"info","ts":1678179857.3006344,"logger":"ApplicationReconciler.GraphClientFactory.MsftGraph","msg":"ServicePrincipal created","Application":"argocd-adv-tst/app-cli-registration-argocd-adv-tst","service principal id":"b0478bec-b0ba-4fe0-8b3b-c6a5c975e3ce"}
{"level":"info","ts":1678179858.245355,"logger":"ApplicationReconciler.GraphClientFactory.MsftGraph","msg":"ServicePrincipal created","Application":"argocd-adv-tst/app-registration-argocd-adv-tst","service principal id":"6b72cfd1-f43f-4cd6-99da-e005fd105990"}
{"level":"info","ts":1678179859.298478,"logger":"ApplicationReconciler.GraphClientFactory.MsftGraph","msg":"Application password created","Application":"argocd-adv-tst/app-cli-registration-argocd-adv-tst","password id":"fbb722d8-53b0-4e56-9e8a-e8333f260624"}
{"level":"info","ts":1678179859.3153927,"logger":"ApplicationReconciler.ApplicationManager","msg":"Secret reconciled","Application":"argocd-adv-tst/app-cli-registration-argocd-adv-tst","secret":"argocd-adv-tst/app-cli-registration-secret-argocd-adv-tst","passwordId":"fbb722d8-53b0-4e56-9e8a-e8333f260624"}
{"level":"info","ts":1678179859.8449543,"logger":"ApplicationReconciler.GraphClientFactory.MsftGraph","msg":"Application password created","Application":"argocd-adv-tst/app-registration-argocd-adv-tst","password id":"afda93d4-de6b-410a-97a2-87f171acd61a"}
{"level":"info","ts":1678179859.8570504,"logger":"ApplicationReconciler.ApplicationManager","msg":"Secret reconciled","Application":"argocd-adv-tst/app-registration-argocd-adv-tst","secret":"argocd-adv-tst/app-registration-secret-argocd-adv-tst","passwordId":"afda93d4-de6b-410a-97a2-87f171acd61a"}
{"level":"info","ts":1678179860.4118013,"logger":"ApplicationReconciler.GraphClientFactory.MsftGraph","msg":"Application updated","Application":"argocd-adv-tst/app-cli-registration-argocd-adv-tst","application id":"eaa8e414-145e-4e17-9b67-b2b6585528c7"}
{"level":"info","ts":1678179860.411835,"logger":"ApplicationReconciler.ApplicationManager","msg":"Application exposed","Application":"argocd-adv-tst/app-cli-registration-argocd-adv-tst","application id":"eaa8e414-145e-4e17-9b67-b2b6585528c7","Identifiers":"api://3b3aff0d-15c3-45c5-b2c8-d1523e1c3743"}
{"level":"info","ts":1678179860.988607,"logger":"ApplicationReconciler.GraphClientFactory.MsftGraph","msg":"Application updated","Application":"argocd-adv-tst/app-registration-argocd-adv-tst","application id":"ec873f25-7d2d-43f4-ba69-d71e7b56a92b"}
{"level":"info","ts":1678179860.9886677,"logger":"ApplicationReconciler.ApplicationManager","msg":"Application exposed","Application":"argocd-adv-tst/app-registration-argocd-adv-tst","application id":"ec873f25-7d2d-43f4-ba69-d71e7b56a92b","Identifiers":"api://36ff3081-3239-4180-81ba-68955635782a"}
{"level":"info","ts":1678179942.4198627,"logger":"ApplicationReconciler.GraphClientFactory.MsftGraph","msg":"Application deleted","application":"argocd-adv-tst"}
{"level":"error","ts":1678179942.4287336,"logger":"controller.application","msg":"Reconciler error","reconciler group":"auth.iam.amadeus.net","reconciler kind":"Application","name":"app-registration-argocd-adv-tst","namespace":"argocd-adv-tst","error":"Operation cannot be fulfilled on applications.auth.iam.amadeus.net \"app-registration-argocd-adv-tst\": the object has been modified; please apply your changes to the latest version and try again"}
{"level":"info","ts":1678179942.935914,"logger":"ApplicationReconciler.GraphClientFactory.MsftGraph","msg":"Application deleted","application":"argocd-adv-tst"}
{"level":"info","ts":1678179942.9567,"logger":"ApplicationReconciler","msg":"Finalized","application":{"apiVersion":"auth.iam.amadeus.net/v1alpha1","kind":"Application","namespace":"argocd-adv-tst","name":"app-cli-registration-argocd-adv-tst"}}
{"level":"info","ts":1678179943.277091,"logger":"ApplicationReconciler.GraphClientFactory.MsftGraph","msg":"Application deleted","application":"argocd-adv-tst"}
{"level":"info","ts":1678179943.2956214,"logger":"ApplicationReconciler","msg":"Finalized","application":{"apiVersion":"auth.iam.amadeus.net/v1alpha1","kind":"Application","namespace":"argocd-adv-tst","name":"app-registration-argocd-adv-tst"}}
{"level":"info","ts":1678179949.8737147,"logger":"ApplicationReconciler.GraphClientFactory.MsftGraph","msg":"Application created","Application":"argocd-adv-tst/app-registration-argocd-adv-tst","appication id":"6bc25924-58e8-4b49-aa5c-658d1c821f1b"}
{"level":"info","ts":1678179950.4838157,"logger":"ApplicationReconciler.GraphClientFactory.MsftGraph","msg":"Application created","Application":"argocd-adv-tst/app-cli-registration-argocd-adv-tst","appication id":"bb5bff05-69a2-404c-8dff-33704e0f0f8c"}
{"level":"info","ts":1678179951.1528118,"logger":"ApplicationReconciler.GraphClientFactory.MsftGraph","msg":"ServicePrincipal created","Application":"argocd-adv-tst/app-registration-argocd-adv-tst","service principal id":"f82ddc74-0b57-4db6-b599-9152fd2e5aaa"}
{"level":"info","ts":1678179951.7661538,"logger":"ApplicationReconciler.GraphClientFactory.MsftGraph","msg":"ServicePrincipal created","Application":"argocd-adv-tst/app-cli-registration-argocd-adv-tst","service principal id":"f1a72ad3-e291-4d10-946c-d472b358a742"}
{"level":"info","ts":1678179952.2621763,"logger":"ApplicationReconciler.GraphClientFactory.MsftGraph","msg":"Application password created","Application":"argocd-adv-tst/app-registration-argocd-adv-tst","password id":"c29c794e-8351-4415-8029-14977a2f8ef1"}
{"level":"info","ts":1678179952.2788932,"logger":"ApplicationReconciler.ApplicationManager","msg":"Secret reconciled","Application":"argocd-adv-tst/app-registration-argocd-adv-tst","secret":"argocd-adv-tst/app-registration-secret-argocd-adv-tst","passwordId":"c29c794e-8351-4415-8029-14977a2f8ef1"}
{"level":"info","ts":1678179952.737204,"logger":"ApplicationReconciler.GraphClientFactory.MsftGraph","msg":"Application password created","Application":"argocd-adv-tst/app-cli-registration-argocd-adv-tst","password id":"f07049cf-455b-4d41-bbbe-be654f9e9702"}
{"level":"info","ts":1678179952.7530813,"logger":"ApplicationReconciler.ApplicationManager","msg":"Secret reconciled","Application":"argocd-adv-tst/app-cli-registration-argocd-adv-tst","secret":"argocd-adv-tst/app-cli-registration-secret-argocd-adv-tst","passwordId":"f07049cf-455b-4d41-bbbe-be654f9e9702"}
{"level":"info","ts":1678179953.2723024,"logger":"ApplicationReconciler.GraphClientFactory.MsftGraph","msg":"Application updated","Application":"argocd-adv-tst/app-registration-argocd-adv-tst","application id":"6bc25924-58e8-4b49-aa5c-658d1c821f1b"}
{"level":"info","ts":1678179953.2723315,"logger":"ApplicationReconciler.ApplicationManager","msg":"Application exposed","Application":"argocd-adv-tst/app-registration-argocd-adv-tst","application id":"6bc25924-58e8-4b49-aa5c-658d1c821f1b","Identifiers":"api://662b6195-f335-44a2-92a0-12b5d682db1e"}
{"level":"info","ts":1678179954.0571399,"logger":"ApplicationReconciler.GraphClientFactory.MsftGraph","msg":"Application updated","Application":"argocd-adv-tst/app-cli-registration-argocd-adv-tst","application id":"bb5bff05-69a2-404c-8dff-33704e0f0f8c"}
{"level":"info","ts":1678179954.0571911,"logger":"ApplicationReconciler.ApplicationManager","msg":"Application exposed","Application":"argocd-adv-tst/app-cli-registration-argocd-adv-tst","application id":"bb5bff05-69a2-404c-8dff-33704e0f0f8c","Identifiers":"api://c66b6a1c-20bc-4688-a3be-9f20cd0c147e"}
{"level":"info","ts":1678580766.1920767,"logger":"ApplicationReconciler.GraphClientFactory.MsftGraph","msg":"Application created","Application":"argocd-bdp-airflow-prd/app-cli-registration-argocd-bdp-airflow-prd","appication id":"cd993c12-66ab-4fae-8021-9e9d47ce67a7"}
{"level":"info","ts":1678580766.9646664,"logger":"ApplicationReconciler.GraphClientFactory.MsftGraph","msg":"Application created","Application":"argocd-bdp-airflow-prd/app-registration-argocd-bdp-airflow-prd","appication id":"d86b52b0-ef50-4647-8b45-1760c30b17e9"}
{"level":"info","ts":1678580767.6810155,"logger":"ApplicationReconciler.GraphClientFactory.MsftGraph","msg":"ServicePrincipal created","Application":"argocd-bdp-airflow-prd/app-cli-registration-argocd-bdp-airflow-prd","service principal id":"f1494528-d435-4447-8fe2-a2917aacabab"}
{"level":"info","ts":1678580768.2152286,"logger":"ApplicationReconciler.GraphClientFactory.MsftGraph","msg":"ServicePrincipal created","Application":"argocd-bdp-airflow-prd/app-registration-argocd-bdp-airflow-prd","service principal id":"155d104f-1b64-44ab-ad13-2c5edd77c6c5"}
{"level":"info","ts":1678580768.6970024,"logger":"ApplicationReconciler.GraphClientFactory.MsftGraph","msg":"Application password created","Application":"argocd-bdp-airflow-prd/app-cli-registration-argocd-bdp-airflow-prd","password id":"a69f5602-1d74-46a0-8290-936013e5a7bf"}
{"level":"info","ts":1678580768.7075143,"logger":"ApplicationReconciler.ApplicationManager","msg":"Secret reconciled","Application":"argocd-bdp-airflow-prd/app-cli-registration-argocd-bdp-airflow-prd","secret":"argocd-bdp-airflow-prd/app-cli-registration-secret-argocd-bdp-airflow-prd","passwordId":"a69f5602-1d74-46a0-8290-936013e5a7bf"}
{"level":"info","ts":1678580769.237309,"logger":"ApplicationReconciler.GraphClientFactory.MsftGraph","msg":"Application password created","Application":"argocd-bdp-airflow-prd/app-registration-argocd-bdp-airflow-prd","password id":"95016837-1950-48ee-83ff-cb2c87a54364"}
{"level":"info","ts":1678580769.2460864,"logger":"ApplicationReconciler.ApplicationManager","msg":"Secret reconciled","Application":"argocd-bdp-airflow-prd/app-registration-argocd-bdp-airflow-prd","secret":"argocd-bdp-airflow-prd/app-registration-secret-argocd-bdp-airflow-prd","passwordId":"95016837-1950-48ee-83ff-cb2c87a54364"}
{"level":"info","ts":1678580769.8336873,"logger":"ApplicationReconciler.GraphClientFactory.MsftGraph","msg":"Application updated","Application":"argocd-bdp-airflow-prd/app-cli-registration-argocd-bdp-airflow-prd","application id":"cd993c12-66ab-4fae-8021-9e9d47ce67a7"}
{"level":"info","ts":1678580769.8337362,"logger":"ApplicationReconciler.ApplicationManager","msg":"Application exposed","Application":"argocd-bdp-airflow-prd/app-cli-registration-argocd-bdp-airflow-prd","application id":"cd993c12-66ab-4fae-8021-9e9d47ce67a7","Identifiers":"api://d1974dd9-0052-469c-851c-31673ac3daaf"}
{"level":"info","ts":1678580770.4390337,"logger":"ApplicationReconciler.GraphClientFactory.MsftGraph","msg":"Application updated","Application":"argocd-bdp-airflow-prd/app-registration-argocd-bdp-airflow-prd","application id":"d86b52b0-ef50-4647-8b45-1760c30b17e9"}
{"level":"info","ts":1678580770.439074,"logger":"ApplicationReconciler.ApplicationManager","msg":"Application exposed","Application":"argocd-bdp-airflow-prd/app-registration-argocd-bdp-airflow-prd","application id":"d86b52b0-ef50-4647-8b45-1760c30b17e9","Identifiers":"api://bf61d02e-5704-4318-b75b-6c1e3438ed13"}
{"level":"info","ts":1678580774.9927824,"logger":"ApplicationReconciler.GraphClientFactory.MsftGraph","msg":"Application created","Application":"argocd-bdp-airflow-tst/app-registration-argocd-bdp-airflow-tst","appication id":"2e62cc72-2fe3-4807-9955-7eaccfe8bb3d"}
{"level":"info","ts":1678580775.5071433,"logger":"ApplicationReconciler.GraphClientFactory.MsftGraph","msg":"ServicePrincipal created","Application":"argocd-bdp-airflow-tst/app-registration-argocd-bdp-airflow-tst","service principal id":"bebc1a9e-b766-4502-995e-98555bf57077"}
{"level":"info","ts":1678580776.1578658,"logger":"ApplicationReconciler.GraphClientFactory.MsftGraph","msg":"Application created","Application":"argocd-bdp-airflow-tst/app-cli-registration-argocd-bdp-airflow-tst","appication id":"248957fd-f61a-4ccc-b959-c1182637e11c"}
{"level":"info","ts":1678580776.6783,"logger":"ApplicationReconciler.GraphClientFactory.MsftGraph","msg":"Application password created","Application":"argocd-bdp-airflow-tst/app-registration-argocd-bdp-airflow-tst","password id":"a4f8e900-1c50-4c8a-88b9-4ba6d4ffdff7"}
{"level":"info","ts":1678580776.7070587,"logger":"ApplicationReconciler.ApplicationManager","msg":"Secret reconciled","Application":"argocd-bdp-airflow-tst/app-registration-argocd-bdp-airflow-tst","secret":"argocd-bdp-airflow-tst/app-registration-secret-argocd-bdp-airflow-tst","passwordId":"a4f8e900-1c50-4c8a-88b9-4ba6d4ffdff7"}
{"level":"info","ts":1678580777.6499755,"logger":"ApplicationReconciler.GraphClientFactory.MsftGraph","msg":"ServicePrincipal created","Application":"argocd-bdp-airflow-tst/app-cli-registration-argocd-bdp-airflow-tst","service principal id":"b996a4b0-c4e8-4b78-999c-06f4596a03ed"}
{"level":"info","ts":1678580778.2660542,"logger":"ApplicationReconciler.GraphClientFactory.MsftGraph","msg":"Application updated","Application":"argocd-bdp-airflow-tst/app-registration-argocd-bdp-airflow-tst","application id":"2e62cc72-2fe3-4807-9955-7eaccfe8bb3d"}
{"level":"info","ts":1678580778.2661042,"logger":"ApplicationReconciler.ApplicationManager","msg":"Application exposed","Application":"argocd-bdp-airflow-tst/app-registration-argocd-bdp-airflow-tst","application id":"2e62cc72-2fe3-4807-9955-7eaccfe8bb3d","Identifiers":"api://2f14df57-6a9d-4f05-9be7-3f821de8e4e2"}
{"level":"info","ts":1678580778.6849105,"logger":"ApplicationReconciler.GraphClientFactory.MsftGraph","msg":"Application password created","Application":"argocd-bdp-airflow-tst/app-cli-registration-argocd-bdp-airflow-tst","password id":"1e0fc4db-fa8a-4b76-ae79-dafdd734d994"}
{"level":"info","ts":1678580778.6987593,"logger":"ApplicationReconciler.ApplicationManager","msg":"Secret reconciled","Application":"argocd-bdp-airflow-tst/app-cli-registration-argocd-bdp-airflow-tst","secret":"argocd-bdp-airflow-tst/app-cli-registration-secret-argocd-bdp-airflow-tst","passwordId":"1e0fc4db-fa8a-4b76-ae79-dafdd734d994"}
{"level":"info","ts":1678580779.1954045,"logger":"ApplicationReconciler.GraphClientFactory.MsftGraph","msg":"Application updated","Application":"argocd-bdp-airflow-tst/app-cli-registration-argocd-bdp-airflow-tst","application id":"248957fd-f61a-4ccc-b959-c1182637e11c"}
{"level":"info","ts":1678580779.1954737,"logger":"ApplicationReconciler.ApplicationManager","msg":"Application exposed","Application":"argocd-bdp-airflow-tst/app-cli-registration-argocd-bdp-airflow-tst","application id":"248957fd-f61a-4ccc-b959-c1182637e11c","Identifiers":"api://f61fee2f-8d8c-492e-b68a-5bb49ee12660"}
